<?xml version="1.0" encoding="UTF-8"?>
<testng-results skipped="0" failed="2" ignored="0" total="6" passed="4">
  <reporter-output>
  </reporter-output>
  <suite name="Default suite" duration-ms="110519" started-at="2019-08-04T11:12:40Z" finished-at="2019-08-04T11:14:31Z">
    <groups>
    </groups>
    <test name="Default test" duration-ms="110519" started-at="2019-08-04T11:12:40Z" finished-at="2019-08-04T11:14:31Z">
      <class name="cucRunner.Runner">
        <test-method status="PASS" signature="setUP()[pri:0, instance:cucRunner.Runner@4e9ba398]" name="setUP" is-config="true" duration-ms="190" started-at="2019-08-04T11:12:40Z" finished-at="2019-08-04T11:12:40Z">
          <reporter-output>
          </reporter-output>
        </test-method> <!-- setUP -->
        <test-method status="PASS" signature="login(cucumber.api.testng.PickleEventWrapper, cucumber.api.testng.CucumberFeatureWrapper)[pri:0, instance:cucRunner.Runner@4e9ba398]" name="login" duration-ms="25170" started-at="2019-08-04T11:12:41Z" data-provider="features" finished-at="2019-08-04T11:13:06Z">
          <params>
            <param index="0">
              <value>
                <![CDATA["Verificaion of important information across OpenWeatherMap"]]>
              </value>
            </param>
            <param index="1">
              <value>
                <![CDATA["Automated End2End and API Tests"]]>
              </value>
            </param>
          </params>
          <reporter-output>
          </reporter-output>
        </test-method> <!-- login -->
        <test-method status="PASS" signature="login(cucumber.api.testng.PickleEventWrapper, cucumber.api.testng.CucumberFeatureWrapper)[pri:0, instance:cucRunner.Runner@4e9ba398]" name="login" duration-ms="26304" started-at="2019-08-04T11:13:06Z" data-provider="features" finished-at="2019-08-04T11:13:32Z">
          <params>
            <param index="0">
              <value>
                <![CDATA["Verificaion for search of INVALID city"]]>
              </value>
            </param>
            <param index="1">
              <value>
                <![CDATA["Automated End2End and API Tests"]]>
              </value>
            </param>
          </params>
          <reporter-output>
          </reporter-output>
        </test-method> <!-- login -->
        <test-method status="PASS" signature="login(cucumber.api.testng.PickleEventWrapper, cucumber.api.testng.CucumberFeatureWrapper)[pri:0, instance:cucRunner.Runner@4e9ba398]" name="login" duration-ms="26581" started-at="2019-08-04T11:13:32Z" data-provider="features" finished-at="2019-08-04T11:13:59Z">
          <params>
            <param index="0">
              <value>
                <![CDATA["Verificaion for search of VALID city"]]>
              </value>
            </param>
            <param index="1">
              <value>
                <![CDATA["Automated End2End and API Tests"]]>
              </value>
            </param>
          </params>
          <reporter-output>
          </reporter-output>
        </test-method> <!-- login -->
        <test-method status="FAIL" signature="login(cucumber.api.testng.PickleEventWrapper, cucumber.api.testng.CucumberFeatureWrapper)[pri:0, instance:cucRunner.Runner@4e9ba398]" name="login" duration-ms="24639" started-at="2019-08-04T11:13:59Z" data-provider="features" finished-at="2019-08-04T11:14:23Z">
          <params>
            <param index="0">
              <value>
                <![CDATA["Verificaion for search of VALID city"]]>
              </value>
            </param>
            <param index="1">
              <value>
                <![CDATA["Automated End2End and API Tests"]]>
              </value>
            </param>
          </params>
          <exception class="java.lang.AssertionError">
            <message>
              <![CDATA[expected [true] but found [false]]]>
            </message>
            <full-stacktrace>
              <![CDATA[java.lang.AssertionError: expected [true] but found [false]
at org.testng.Assert.fail(Assert.java:96)
at org.testng.Assert.failNotEquals(Assert.java:776)
at org.testng.Assert.assertTrue(Assert.java:44)
at org.testng.Assert.assertTrue(Assert.java:54)
at stepDefiniton.OpenWetherHomeSteps.verify_current_weather_updates_displayed_for(OpenWetherHomeSteps.java:79)
at ✽.verify current weather updates displayed for "delhi"(featureFiles/OpenWeather.feature:41)
]]>
            </full-stacktrace>
          </exception> <!-- java.lang.AssertionError -->
          <reporter-output>
          </reporter-output>
        </test-method> <!-- login -->
        <test-method status="PASS" signature="login(cucumber.api.testng.PickleEventWrapper, cucumber.api.testng.CucumberFeatureWrapper)[pri:0, instance:cucRunner.Runner@4e9ba398]" name="login" duration-ms="5435" started-at="2019-08-04T11:14:23Z" data-provider="features" finished-at="2019-08-04T11:14:29Z">
          <params>
            <param index="0">
              <value>
                <![CDATA["Verificaion for 16 day forecast data for using cityID"]]>
              </value>
            </param>
            <param index="1">
              <value>
                <![CDATA["Automated End2End and API Tests"]]>
              </value>
            </param>
          </params>
          <reporter-output>
          </reporter-output>
        </test-method> <!-- login -->
        <test-method status="FAIL" signature="login(cucumber.api.testng.PickleEventWrapper, cucumber.api.testng.CucumberFeatureWrapper)[pri:0, instance:cucRunner.Runner@4e9ba398]" name="login" duration-ms="735" started-at="2019-08-04T11:14:29Z" data-provider="features" finished-at="2019-08-04T11:14:30Z">
          <params>
            <param index="0">
              <value>
                <![CDATA["Verificaion for 16 day forecast data for using cityID (INVALID SCENARIO)"]]>
              </value>
            </param>
            <param index="1">
              <value>
                <![CDATA["Automated End2End and API Tests"]]>
              </value>
            </param>
          </params>
          <exception class="java.lang.AssertionError">
            <message>
              <![CDATA[expected [Mubai] but found [Moscow]]]>
            </message>
            <full-stacktrace>
              <![CDATA[java.lang.AssertionError: expected [Mubai] but found [Moscow]
at org.testng.Assert.fail(Assert.java:96)
at org.testng.Assert.failNotEquals(Assert.java:776)
at org.testng.Assert.assertEqualsImpl(Assert.java:137)
at org.testng.Assert.assertEquals(Assert.java:118)
at org.testng.Assert.assertEquals(Assert.java:453)
at org.testng.Assert.assertEquals(Assert.java:463)
at stepDefiniton.APITestSteps.verify_city_name_is_response_is(APITestSteps.java:44)
at ✽.verify city name is response is "Mubai"(featureFiles/OpenWeather.feature:58)
]]>
            </full-stacktrace>
          </exception> <!-- java.lang.AssertionError -->
          <reporter-output>
          </reporter-output>
        </test-method> <!-- login -->
        <test-method status="PASS" signature="tearDown()[pri:0, instance:cucRunner.Runner@4e9ba398]" name="tearDown" is-config="true" duration-ms="1136" started-at="2019-08-04T11:14:30Z" finished-at="2019-08-04T11:14:31Z">
          <reporter-output>
          </reporter-output>
        </test-method> <!-- tearDown -->
      </class> <!-- cucRunner.Runner -->
    </test> <!-- Default test -->
  </suite> <!-- Default suite -->
</testng-results>
